<?xml version="1.0" encoding="UTF-8"?>
<!-- Generated by org.testng.reporters.JUnitXMLReporter -->
<testsuite ignored="0" hostname="DESKTOP-A5CHD3A" failures="0" tests="4" name="edgeTest" time="133.349" errors="0" timestamp="2024-08-15T17:16:10 IST">
  <testcase classname="com.testScripts.WishlistTest" name="addToWishlistTest" time="7.679"/>
  <testcase classname="com.testScripts.CartTest" name="addToCartTest" time="18.045"/>
  <testcase classname="com.testScripts.WishlistTest" name="removeFromWishlistTest" time="6.691"/>
  <testcase classname="com.testScripts.CartTest" name="removeFromCartTest" time="0.0">
    <skipped/>
  </testcase> <!-- removeFromCartTest -->
</testsuite> <!-- edgeTest -->
